Copyright 1986-2020 Xilinx, Inc. All Rights Reserved.
-----------------------------------------------------------------------------------------------------------------------------
| Tool Version : Vivado v.2020.1 (win64) Build 2902540 Wed May 27 19:54:49 MDT 2020
| Date         : Wed Dec  2 14:15:59 2020
| Host         : DESKTOP-AOVMD3L running 64-bit major release  (build 9200)
| Command      : report_utilization -file design_1_wrapper_utilization_placed.rpt -pb design_1_wrapper_utilization_placed.pb
| Design       : design_1_wrapper
| Device       : xczu2cgsfvc784-1
| Design State : Fully Placed
-----------------------------------------------------------------------------------------------------------------------------

Utilization Design Information

Table of Contents
-----------------
1. CLB Logic
1.1 Summary of Registers by Type
2. CLB Logic Distribution
3. BLOCKRAM
4. ARITHMETIC
5. I/O
6. CLOCK
7. ADVANCED
8. CONFIGURATION
9. Primitives
10. Black Boxes
11. Instantiated Netlists

1. CLB Logic
------------

+----------------------------+-------+-------+-----------+-------+
|          Site Type         |  Used | Fixed | Available | Util% |
+----------------------------+-------+-------+-----------+-------+
| CLB LUTs                   | 22384 |     0 |     47232 | 47.39 |
|   LUT as Logic             | 21968 |     0 |     47232 | 46.51 |
|   LUT as Memory            |   416 |     0 |     28800 |  1.44 |
|     LUT as Distributed RAM |    64 |     0 |           |       |
|     LUT as Shift Register  |   352 |     0 |           |       |
| CLB Registers              | 32748 |     0 |     94464 | 34.67 |
|   Register as Flip Flop    | 32748 |     0 |     94464 | 34.67 |
|   Register as Latch        |     0 |     0 |     94464 |  0.00 |
| CARRY8                     |   559 |     0 |      8820 |  6.34 |
| F7 Muxes                   |  4476 |     0 |     35280 | 12.69 |
| F8 Muxes                   |  2210 |     0 |     17640 | 12.53 |
| F9 Muxes                   |     0 |     0 |      8820 |  0.00 |
+----------------------------+-------+-------+-----------+-------+


1.1 Summary of Registers by Type
--------------------------------

+-------+--------------+-------------+--------------+
| Total | Clock Enable | Synchronous | Asynchronous |
+-------+--------------+-------------+--------------+
| 0     |            _ |           - |            - |
| 0     |            _ |           - |          Set |
| 0     |            _ |           - |        Reset |
| 0     |            _ |         Set |            - |
| 0     |            _ |       Reset |            - |
| 0     |          Yes |           - |            - |
| 83    |          Yes |           - |          Set |
| 222   |          Yes |           - |        Reset |
| 286   |          Yes |         Set |            - |
| 32157 |          Yes |       Reset |            - |
+-------+--------------+-------------+--------------+


2. CLB Logic Distribution
-------------------------

+--------------------------------------------+-------+-------+-----------+-------+
|                  Site Type                 |  Used | Fixed | Available | Util% |
+--------------------------------------------+-------+-------+-----------+-------+
| CLB                                        |  7940 |     0 |      8820 | 90.02 |
|   CLBL                                     |  4720 |     0 |           |       |
|   CLBM                                     |  3220 |     0 |           |       |
| LUT as Logic                               | 21968 |     0 |     47232 | 46.51 |
|   using O5 output only                     |   236 |       |           |       |
|   using O6 output only                     | 18859 |       |           |       |
|   using O5 and O6                          |  2873 |       |           |       |
| LUT as Memory                              |   416 |     0 |     28800 |  1.44 |
|   LUT as Distributed RAM                   |    64 |     0 |           |       |
|     using O5 output only                   |     0 |       |           |       |
|     using O6 output only                   |     0 |       |           |       |
|     using O5 and O6                        |    64 |       |           |       |
|   LUT as Shift Register                    |   352 |     0 |           |       |
|     using O5 output only                   |     0 |       |           |       |
|     using O6 output only                   |   213 |       |           |       |
|     using O5 and O6                        |   139 |       |           |       |
| CLB Registers                              | 32748 |     0 |     94464 | 34.67 |
|   Register driven from within the CLB      |  7898 |       |           |       |
|   Register driven from outside the CLB     | 24850 |       |           |       |
|     LUT in front of the register is unused | 15311 |       |           |       |
|     LUT in front of the register is used   |  9539 |       |           |       |
| Unique Control Sets                        |  1391 |       |     17640 |  7.89 |
+--------------------------------------------+-------+-------+-----------+-------+
* * Note: Available Control Sets calculated as Slices * 2, Review the Control Sets Report for more information regarding control sets.


3. BLOCKRAM
-----------

+-------------------+------+-------+-----------+-------+
|     Site Type     | Used | Fixed | Available | Util% |
+-------------------+------+-------+-----------+-------+
| Block RAM Tile    |   31 |     0 |       150 | 20.67 |
|   RAMB36/FIFO*    |   27 |     0 |       150 | 18.00 |
|     RAMB36E2 only |   27 |       |           |       |
|   RAMB18          |    8 |     0 |       300 |  2.67 |
|     RAMB18E2 only |    8 |       |           |       |
+-------------------+------+-------+-----------+-------+
* Note: Each Block RAM Tile only has one FIFO logic available and therefore can accommodate only one FIFO36E2 or one FIFO18E2. However, if a FIFO18E2 occupies a Block RAM Tile, that tile can still accommodate a RAMB18E2


4. ARITHMETIC
-------------

+----------------+------+-------+-----------+-------+
|    Site Type   | Used | Fixed | Available | Util% |
+----------------+------+-------+-----------+-------+
| DSPs           |   42 |     0 |       240 | 17.50 |
|   DSP48E2 only |   42 |       |           |       |
+----------------+------+-------+-----------+-------+


5. I/O
------

+------------------+------+-------+-----------+-------+
|     Site Type    | Used | Fixed | Available | Util% |
+------------------+------+-------+-----------+-------+
| Bonded IOB       |    9 |     9 |       252 |  3.57 |
| HPIOB_M          |    3 |     3 |        72 |  4.17 |
|   INPUT          |    3 |       |           |       |
|   OUTPUT         |    0 |       |           |       |
|   BIDIR          |    0 |       |           |       |
| HPIOB_S          |    3 |     3 |        72 |  4.17 |
|   INPUT          |    3 |       |           |       |
|   OUTPUT         |    0 |       |           |       |
|   BIDIR          |    0 |       |           |       |
| HDIOB_M          |    1 |     1 |        48 |  2.08 |
|   INPUT          |    0 |       |           |       |
|   OUTPUT         |    0 |       |           |       |
|   BIDIR          |    1 |       |           |       |
| HDIOB_S          |    2 |     2 |        48 |  4.17 |
|   INPUT          |    0 |       |           |       |
|   OUTPUT         |    0 |       |           |       |
|   BIDIR          |    2 |       |           |       |
| HPIOB_SNGL       |    0 |     0 |        12 |  0.00 |
| HPIOBDIFFINBUF   |    3 |     3 |        72 |  4.17 |
| HPIOBDIFFOUTBUF  |    0 |     0 |        72 |  0.00 |
| HDIOBDIFFINBUF   |    0 |     0 |        48 |  0.00 |
| BITSLICE_CONTROL |    1 |     0 |        24 |  4.17 |
| BITSLICE_RX_TX   |    3 |     3 |       156 |  1.92 |
|   RX_BITSLICE    |    3 |     3 |           |       |
| BITSLICE_TX      |    0 |     0 |        24 |  0.00 |
| RIU_OR           |    0 |     0 |        12 |  0.00 |
+------------------+------+-------+-----------+-------+


6. CLOCK
--------

+----------------------+------+-------+-----------+-------+
|       Site Type      | Used | Fixed | Available | Util% |
+----------------------+------+-------+-----------+-------+
| GLOBAL CLOCK BUFFERs |    4 |     0 |       196 |  2.04 |
|   BUFGCE             |    2 |     0 |        88 |  2.27 |
|   BUFGCE_DIV         |    0 |     0 |        12 |  0.00 |
|   BUFG_PS            |    2 |     0 |        72 |  2.78 |
|   BUFGCTRL*          |    0 |     0 |        24 |  0.00 |
| PLL                  |    1 |     0 |         6 | 16.67 |
| MMCM                 |    0 |     0 |         3 |  0.00 |
+----------------------+------+-------+-----------+-------+
* Note: Each used BUFGCTRL counts as two GLOBAL CLOCK BUFFERs. This table does not include global clocking resources, only buffer cell usage. See the Clock Utilization Report (report_clock_utilization) for detailed accounting of global clocking resource availability.


7. ADVANCED
-----------

+-----------+------+-------+-----------+--------+
| Site Type | Used | Fixed | Available |  Util% |
+-----------+------+-------+-----------+--------+
| PS8       |    1 |     0 |         1 | 100.00 |
| SYSMONE4  |    0 |     0 |         1 |   0.00 |
+-----------+------+-------+-----------+--------+


8. CONFIGURATION
----------------

+-------------+------+-------+-----------+-------+
|  Site Type  | Used | Fixed | Available | Util% |
+-------------+------+-------+-----------+-------+
| BSCANE2     |    0 |     0 |         4 |  0.00 |
| DNA_PORTE2  |    0 |     0 |         1 |  0.00 |
| EFUSE_USR   |    0 |     0 |         1 |  0.00 |
| FRAME_ECCE4 |    0 |     0 |         1 |  0.00 |
| ICAPE3      |    0 |     0 |         2 |  0.00 |
| MASTER_JTAG |    0 |     0 |         1 |  0.00 |
| STARTUPE3   |    0 |     0 |         1 |  0.00 |
+-------------+------+-------+-----------+-------+


9. Primitives
-------------

+------------------+-------+---------------------+
|     Ref Name     |  Used | Functional Category |
+------------------+-------+---------------------+
| FDRE             | 32157 |            Register |
| LUT6             | 13959 |                 CLB |
| MUXF7            |  4476 |                 CLB |
| LUT5             |  2833 |                 CLB |
| LUT2             |  2773 |                 CLB |
| LUT4             |  2443 |                 CLB |
| LUT3             |  2386 |                 CLB |
| MUXF8            |  2210 |                 CLB |
| CARRY8           |   559 |                 CLB |
| LUT1             |   447 |                 CLB |
| SRL16E           |   393 |                 CLB |
| FDSE             |   286 |            Register |
| FDCE             |   222 |            Register |
| RAMD32           |   112 |                 CLB |
| SRLC32E          |    98 |                 CLB |
| FDPE             |    83 |            Register |
| DSP48E2          |    42 |          Arithmetic |
| RAMB36E2         |    27 |           Block Ram |
| RAMS32           |    16 |                 CLB |
| RAMB18E2         |     8 |           Block Ram |
| IBUFCTRL         |     6 |              Others |
| RX_BITSLICE      |     3 |                 I/O |
| OBUFT            |     3 |                 I/O |
| INBUF            |     3 |                 I/O |
| DPHY_DIFFINBUF   |     3 |              Others |
| BUFG_PS          |     2 |               Clock |
| BUFGCE           |     2 |               Clock |
| PS8              |     1 |            Advanced |
| PLLE4_ADV        |     1 |               Clock |
| BITSLICE_CONTROL |     1 |                 I/O |
+------------------+-------+---------------------+


10. Black Boxes
---------------

+----------+------+
| Ref Name | Used |
+----------+------+


11. Instantiated Netlists
-------------------------

+------------------------------------+------+
|              Ref Name              | Used |
+------------------------------------+------+
| design_1_zynq_ultra_ps_e_0_0       |    1 |
| design_1_xbar_0                    |    1 |
| design_1_v_gamma_lut_0_0           |    1 |
| design_1_v_demosaic_0_0            |    1 |
| design_1_proc_sys_reset_150M_0     |    1 |
| design_1_mipi_csi2_rx_subsyst_0_0  |    1 |
| design_1_cpu_reg_v1_0_0_0          |    1 |
| design_1_contrastadj_0_0           |    1 |
| design_1_axis_subset_converter_0_1 |    1 |
| design_1_axis_subset_converter_0_0 |    1 |
| design_1_axi_vdma_0_0              |    1 |
| design_1_auto_us_0                 |    1 |
| design_1_auto_pc_0                 |    1 |
| bd_d10d_xbar_0                     |    1 |
| bd_d10d_vfb_0_0                    |    1 |
| bd_d10d_rx_0                       |    1 |
| bd_d10d_r_sync_0                   |    1 |
| bd_d10d_phy_0                      |    1 |
+------------------------------------+------+


