
*** Running vivado
    with args -log design_1_proc_sys_reset_150M_0.vds -m64 -product Vivado -mode batch -messageDb vivado.pb -notrace -source design_1_proc_sys_reset_150M_0.tcl



****** Vivado v2020.1 (64-bit)
  **** SW Build 2902540 on Wed May 27 19:54:49 MDT 2020
  **** IP Build 2902112 on Wed May 27 22:43:36 MDT 2020
    ** Copyright 1986-2020 Xilinx, Inc. All Rights Reserved.

source design_1_proc_sys_reset_150M_0.tcl -notrace
INFO: [IP_Flow 19-4838] Using cached IP synthesis design for IP design_1_proc_sys_reset_150M_0, cache-ID = 7d0369d887bc27c4.
INFO: [Common 17-206] Exiting Vivado at Wed Nov  4 16:36:33 2020...

*** Running vivado
    with args -log design_1_proc_sys_reset_150M_0.vds -m64 -product Vivado -mode batch -messageDb vivado.pb -notrace -source design_1_proc_sys_reset_150M_0.tcl



****** Vivado v2020.1 (64-bit)
  **** SW Build 2902540 on Wed May 27 19:54:49 MDT 2020
  **** IP Build 2902112 on Wed May 27 22:43:36 MDT 2020
    ** Copyright 1986-2020 Xilinx, Inc. All Rights Reserved.

source design_1_proc_sys_reset_150M_0.tcl -notrace
INFO: [IP_Flow 19-234] Refreshing IP repositories
INFO: [IP_Flow 19-1700] Loaded user IP repository 'f:/course_s3_hls_2cg/hls/overlaystream'.
INFO: [IP_Flow 19-1700] Loaded user IP repository 'f:/course_s3_hls_2cg/vivado/ip_repo'.
INFO: [IP_Flow 19-2313] Loaded Vivado IP repository 'F:/xilinx_2020.1/Vivado/2020.1/data/ip'.
INFO: [IP_Flow 19-4838] Using cached IP synthesis design for IP design_1_proc_sys_reset_150M_0, cache-ID = 7d0369d887bc27c4.
INFO: [Common 17-206] Exiting Vivado at Fri Nov  6 16:43:23 2020...
