Copyright 1986-2020 Xilinx, Inc. All Rights Reserved.
-----------------------------------------------------------------------------------------------------------------------------
| Tool Version : Vivado v.2020.1 (win64) Build 2902540 Wed May 27 19:54:49 MDT 2020
| Date         : Tue Dec  1 15:11:07 2020
| Host         : DESKTOP-AOVMD3L running 64-bit major release  (build 9200)
| Command      : report_utilization -file design_1_wrapper_utilization_placed.rpt -pb design_1_wrapper_utilization_placed.pb
| Design       : design_1_wrapper
| Device       : xczu2cgsfvc784-1
| Design State : Fully Placed
-----------------------------------------------------------------------------------------------------------------------------

Utilization Design Information

Table of Contents
-----------------
1. CLB Logic
1.1 Summary of Registers by Type
2. CLB Logic Distribution
3. BLOCKRAM
4. ARITHMETIC
5. I/O
6. CLOCK
7. ADVANCED
8. CONFIGURATION
9. Primitives
10. Black Boxes
11. Instantiated Netlists

1. CLB Logic
------------

+----------------------------+-------+-------+-----------+-------+
|          Site Type         |  Used | Fixed | Available | Util% |
+----------------------------+-------+-------+-----------+-------+
| CLB LUTs                   | 13488 |     0 |     47232 | 28.56 |
|   LUT as Logic             | 13135 |     0 |     47232 | 27.81 |
|   LUT as Memory            |   353 |     0 |     28800 |  1.23 |
|     LUT as Distributed RAM |    76 |     0 |           |       |
|     LUT as Shift Register  |   277 |     0 |           |       |
| CLB Registers              | 15674 |     0 |     94464 | 16.59 |
|   Register as Flip Flop    | 15674 |     0 |     94464 | 16.59 |
|   Register as Latch        |     0 |     0 |     94464 |  0.00 |
| CARRY8                     |   424 |     0 |      8820 |  4.81 |
| F7 Muxes                   |    54 |     0 |     35280 |  0.15 |
| F8 Muxes                   |     1 |     0 |     17640 | <0.01 |
| F9 Muxes                   |     0 |     0 |      8820 |  0.00 |
+----------------------------+-------+-------+-----------+-------+


1.1 Summary of Registers by Type
--------------------------------

+-------+--------------+-------------+--------------+
| Total | Clock Enable | Synchronous | Asynchronous |
+-------+--------------+-------------+--------------+
| 0     |            _ |           - |            - |
| 0     |            _ |           - |          Set |
| 0     |            _ |           - |        Reset |
| 0     |            _ |         Set |            - |
| 0     |            _ |       Reset |            - |
| 0     |          Yes |           - |            - |
| 83    |          Yes |           - |          Set |
| 222   |          Yes |           - |        Reset |
| 241   |          Yes |         Set |            - |
| 15128 |          Yes |       Reset |            - |
+-------+--------------+-------------+--------------+


2. CLB Logic Distribution
-------------------------

+--------------------------------------------+-------+-------+-----------+-------+
|                  Site Type                 |  Used | Fixed | Available | Util% |
+--------------------------------------------+-------+-------+-----------+-------+
| CLB                                        |  2878 |     0 |      8820 | 32.63 |
|   CLBL                                     |  1876 |     0 |           |       |
|   CLBM                                     |  1002 |     0 |           |       |
| LUT as Logic                               | 13135 |     0 |     47232 | 27.81 |
|   using O5 output only                     |   259 |       |           |       |
|   using O6 output only                     | 10000 |       |           |       |
|   using O5 and O6                          |  2876 |       |           |       |
| LUT as Memory                              |   353 |     0 |     28800 |  1.23 |
|   LUT as Distributed RAM                   |    76 |     0 |           |       |
|     using O5 output only                   |     0 |       |           |       |
|     using O6 output only                   |    12 |       |           |       |
|     using O5 and O6                        |    64 |       |           |       |
|   LUT as Shift Register                    |   277 |     0 |           |       |
|     using O5 output only                   |     0 |       |           |       |
|     using O6 output only                   |   160 |       |           |       |
|     using O5 and O6                        |   117 |       |           |       |
| CLB Registers                              | 15674 |     0 |     94464 | 16.59 |
|   Register driven from within the CLB      |  7530 |       |           |       |
|   Register driven from outside the CLB     |  8144 |       |           |       |
|     LUT in front of the register is unused |  5103 |       |           |       |
|     LUT in front of the register is used   |  3041 |       |           |       |
| Unique Control Sets                        |   645 |       |     17640 |  3.66 |
+--------------------------------------------+-------+-------+-----------+-------+
* * Note: Available Control Sets calculated as Slices * 2, Review the Control Sets Report for more information regarding control sets.


3. BLOCKRAM
-----------

+-------------------+------+-------+-----------+-------+
|     Site Type     | Used | Fixed | Available | Util% |
+-------------------+------+-------+-----------+-------+
| Block RAM Tile    |   38 |     0 |       150 | 25.33 |
|   RAMB36/FIFO*    |   32 |     0 |       150 | 21.33 |
|     RAMB36E2 only |   32 |       |           |       |
|   RAMB18          |   12 |     0 |       300 |  4.00 |
|     RAMB18E2 only |   12 |       |           |       |
+-------------------+------+-------+-----------+-------+
* Note: Each Block RAM Tile only has one FIFO logic available and therefore can accommodate only one FIFO36E2 or one FIFO18E2. However, if a FIFO18E2 occupies a Block RAM Tile, that tile can still accommodate a RAMB18E2


4. ARITHMETIC
-------------

+----------------+------+-------+-----------+-------+
|    Site Type   | Used | Fixed | Available | Util% |
+----------------+------+-------+-----------+-------+
| DSPs           |    8 |     0 |       240 |  3.33 |
|   DSP48E2 only |    8 |       |           |       |
+----------------+------+-------+-----------+-------+


5. I/O
------

+------------------+------+-------+-----------+-------+
|     Site Type    | Used | Fixed | Available | Util% |
+------------------+------+-------+-----------+-------+
| Bonded IOB       |    9 |     9 |       252 |  3.57 |
| HPIOB_M          |    3 |     3 |        72 |  4.17 |
|   INPUT          |    3 |       |           |       |
|   OUTPUT         |    0 |       |           |       |
|   BIDIR          |    0 |       |           |       |
| HPIOB_S          |    3 |     3 |        72 |  4.17 |
|   INPUT          |    3 |       |           |       |
|   OUTPUT         |    0 |       |           |       |
|   BIDIR          |    0 |       |           |       |
| HDIOB_M          |    1 |     1 |        48 |  2.08 |
|   INPUT          |    0 |       |           |       |
|   OUTPUT         |    0 |       |           |       |
|   BIDIR          |    1 |       |           |       |
| HDIOB_S          |    2 |     2 |        48 |  4.17 |
|   INPUT          |    0 |       |           |       |
|   OUTPUT         |    0 |       |           |       |
|   BIDIR          |    2 |       |           |       |
| HPIOB_SNGL       |    0 |     0 |        12 |  0.00 |
| HPIOBDIFFINBUF   |    3 |     3 |        72 |  4.17 |
| HPIOBDIFFOUTBUF  |    0 |     0 |        72 |  0.00 |
| HDIOBDIFFINBUF   |    0 |     0 |        48 |  0.00 |
| BITSLICE_CONTROL |    1 |     0 |        24 |  4.17 |
| BITSLICE_RX_TX   |    3 |     3 |       156 |  1.92 |
|   RX_BITSLICE    |    3 |     3 |           |       |
| BITSLICE_TX      |    0 |     0 |        24 |  0.00 |
| RIU_OR           |    0 |     0 |        12 |  0.00 |
+------------------+------+-------+-----------+-------+


6. CLOCK
--------

+----------------------+------+-------+-----------+-------+
|       Site Type      | Used | Fixed | Available | Util% |
+----------------------+------+-------+-----------+-------+
| GLOBAL CLOCK BUFFERs |    5 |     0 |       196 |  2.55 |
|   BUFGCE             |    3 |     0 |        88 |  3.41 |
|   BUFGCE_DIV         |    0 |     0 |        12 |  0.00 |
|   BUFG_PS            |    2 |     0 |        72 |  2.78 |
|   BUFGCTRL*          |    0 |     0 |        24 |  0.00 |
| PLL                  |    1 |     0 |         6 | 16.67 |
| MMCM                 |    0 |     0 |         3 |  0.00 |
+----------------------+------+-------+-----------+-------+
* Note: Each used BUFGCTRL counts as two GLOBAL CLOCK BUFFERs. This table does not include global clocking resources, only buffer cell usage. See the Clock Utilization Report (report_clock_utilization) for detailed accounting of global clocking resource availability.


7. ADVANCED
-----------

+-----------+------+-------+-----------+--------+
| Site Type | Used | Fixed | Available |  Util% |
+-----------+------+-------+-----------+--------+
| PS8       |    1 |     0 |         1 | 100.00 |
| SYSMONE4  |    0 |     0 |         1 |   0.00 |
+-----------+------+-------+-----------+--------+


8. CONFIGURATION
----------------

+-------------+------+-------+-----------+-------+
|  Site Type  | Used | Fixed | Available | Util% |
+-------------+------+-------+-----------+-------+
| BSCANE2     |    0 |     0 |         4 |  0.00 |
| DNA_PORTE2  |    0 |     0 |         1 |  0.00 |
| EFUSE_USR   |    0 |     0 |         1 |  0.00 |
| FRAME_ECCE4 |    0 |     0 |         1 |  0.00 |
| ICAPE3      |    0 |     0 |         2 |  0.00 |
| MASTER_JTAG |    0 |     0 |         1 |  0.00 |
| STARTUPE3   |    0 |     0 |         1 |  0.00 |
+-------------+------+-------+-----------+-------+


9. Primitives
-------------

+------------------+-------+---------------------+
|     Ref Name     |  Used | Functional Category |
+------------------+-------+---------------------+
| FDRE             | 15128 |            Register |
| LUT6             |  5621 |                 CLB |
| LUT2             |  2693 |                 CLB |
| LUT5             |  2585 |                 CLB |
| LUT4             |  2514 |                 CLB |
| LUT3             |  2265 |                 CLB |
| CARRY8           |   424 |                 CLB |
| LUT1             |   333 |                 CLB |
| SRL16E           |   313 |                 CLB |
| FDSE             |   241 |            Register |
| FDCE             |   222 |            Register |
| RAMD32           |   124 |                 CLB |
| FDPE             |    83 |            Register |
| SRLC32E          |    81 |                 CLB |
| MUXF7            |    54 |                 CLB |
| RAMB36E2         |    32 |           Block Ram |
| RAMS32           |    16 |                 CLB |
| RAMB18E2         |    12 |           Block Ram |
| DSP48E2          |     8 |          Arithmetic |
| IBUFCTRL         |     6 |              Others |
| RX_BITSLICE      |     3 |                 I/O |
| OBUFT            |     3 |                 I/O |
| INBUF            |     3 |                 I/O |
| DPHY_DIFFINBUF   |     3 |              Others |
| BUFGCE           |     3 |               Clock |
| BUFG_PS          |     2 |               Clock |
| PS8              |     1 |            Advanced |
| PLLE4_ADV        |     1 |               Clock |
| MUXF8            |     1 |                 CLB |
| BITSLICE_CONTROL |     1 |                 I/O |
+------------------+-------+---------------------+


10. Black Boxes
---------------

+----------+------+
| Ref Name | Used |
+----------+------+


11. Instantiated Netlists
-------------------------

+------------------------------------+------+
|              Ref Name              | Used |
+------------------------------------+------+
| design_1_zynq_ultra_ps_e_0_0       |    1 |
| design_1_xbar_0                    |    1 |
| design_1_v_gamma_lut_0_0           |    1 |
| design_1_v_demosaic_0_0            |    1 |
| design_1_proc_sys_reset_150M_0     |    1 |
| design_1_mipi_csi2_rx_subsyst_0_0  |    1 |
| design_1_dilation_0_0              |    1 |
| design_1_axis_subset_converter_0_1 |    1 |
| design_1_axis_subset_converter_0_0 |    1 |
| design_1_axi_vdma_0_0              |    1 |
| design_1_auto_us_0                 |    1 |
| design_1_auto_pc_0                 |    1 |
| bd_d10d_xbar_0                     |    1 |
| bd_d10d_vfb_0_0                    |    1 |
| bd_d10d_rx_0                       |    1 |
| bd_d10d_r_sync_0                   |    1 |
| bd_d10d_phy_0                      |    1 |
+------------------------------------+------+


