#-----------------------------------------------------------
# Vivado v2020.1 (64-bit)
# SW Build 2902540 on Wed May 27 19:54:49 MDT 2020
# IP Build 2902112 on Wed May 27 22:43:36 MDT 2020
# Start of session at: Wed Nov  4 16:32:20 2020
# Process ID: 6404
# Current directory: E:/XilinxPrj/AXU2CG/course_32b/26_an5641_mipi_dp/vivado
# Command line: vivado.exe -gui_launcher_event rodinguilauncherevent9392 E:\XilinxPrj\AXU2CG\course_32b\26_an5641_mipi_dp\vivado\mipi_dp.xpr
# Log file: E:/XilinxPrj/AXU2CG/course_32b/26_an5641_mipi_dp/vivado/vivado.log
# Journal file: E:/XilinxPrj/AXU2CG/course_32b/26_an5641_mipi_dp/vivado\vivado.jou
#-----------------------------------------------------------
start_gui
open_project E:/XilinxPrj/AXU2CG/course_32b/26_an5641_mipi_dp/vivado/mipi_dp.xpr
Scanning sources...
Finished scanning sources
WARNING: [Project 1-509] GeneratedRun file for 'synth_1' not found
WARNING: [Project 1-509] GeneratedRun file for 'bd_d10d_rx_0_synth_1' not found
WARNING: [Project 1-509] GeneratedRun file for 'design_1_auto_us_0_synth_1' not found
WARNING: [Project 1-509] GeneratedRun file for 'design_1_axis_subset_converter_0_0_synth_1' not found
WARNING: [Project 1-509] GeneratedRun file for 'bd_d10d_xbar_0_synth_1' not found
WARNING: [Project 1-509] GeneratedRun file for 'design_1_mipi_csi2_rx_subsyst_0_0_synth_1' not found
WARNING: [Project 1-509] GeneratedRun file for 'bd_d10d_r_sync_0_synth_1' not found
WARNING: [Project 1-509] GeneratedRun file for 'bd_d10d_phy_0_synth_1' not found
WARNING: [Project 1-509] GeneratedRun file for 'design_1_zynq_ultra_ps_e_0_0_synth_1' not found
WARNING: [Project 1-509] GeneratedRun file for 'design_1_axi_vdma_0_0_synth_1' not found
WARNING: [Project 1-509] GeneratedRun file for 'bd_d10d_vfb_0_0_synth_1' not found
WARNING: [Project 1-509] GeneratedRun file for 'design_1_v_demosaic_0_0_synth_1' not found
WARNING: [Project 1-509] GeneratedRun file for 'design_1_auto_pc_0_synth_1' not found
WARNING: [Project 1-509] GeneratedRun file for 'design_1_v_gamma_lut_0_0_synth_1' not found
WARNING: [Project 1-509] GeneratedRun file for 'design_1_xbar_0_synth_1' not found
WARNING: [Project 1-509] GeneratedRun file for 'design_1_proc_sys_reset_150M_0_synth_1' not found
WARNING: [Project 1-509] GeneratedRun file for 'impl_1' not found
INFO: [IP_Flow 19-234] Refreshing IP repositories
INFO: [IP_Flow 19-1704] No user IP repositories specified
INFO: [IP_Flow 19-2313] Loaded Vivado IP repository 'E:/XilinxVitis/Vivado/2020.1/data/ip'.
open_project: Time (s): cpu = 00:00:18 ; elapsed = 00:00:43 . Memory (MB): peak = 1071.945 ; gain = 0.000
update_compile_order -fileset sources_1
launch_runs impl_1 -to_step write_bitstream -jobs 5
[Wed Nov  4 16:33:59 2020] Launched bd_d10d_rx_0_synth_1, design_1_auto_us_0_synth_1, design_1_axis_subset_converter_0_0_synth_1, bd_d10d_xbar_0_synth_1, design_1_mipi_csi2_rx_subsyst_0_0_synth_1, bd_d10d_r_sync_0_synth_1, bd_d10d_phy_0_synth_1, design_1_zynq_ultra_ps_e_0_0_synth_1, design_1_axi_vdma_0_0_synth_1, bd_d10d_vfb_0_0_synth_1, design_1_v_demosaic_0_0_synth_1, design_1_auto_pc_0_synth_1, design_1_v_gamma_lut_0_0_synth_1, design_1_xbar_0_synth_1, design_1_proc_sys_reset_150M_0_synth_1, synth_1...
Run output will be captured here:
bd_d10d_rx_0_synth_1: E:/XilinxPrj/AXU2CG/course_32b/26_an5641_mipi_dp/vivado/mipi_dp.runs/bd_d10d_rx_0_synth_1/runme.log
design_1_auto_us_0_synth_1: E:/XilinxPrj/AXU2CG/course_32b/26_an5641_mipi_dp/vivado/mipi_dp.runs/design_1_auto_us_0_synth_1/runme.log
design_1_axis_subset_converter_0_0_synth_1: E:/XilinxPrj/AXU2CG/course_32b/26_an5641_mipi_dp/vivado/mipi_dp.runs/design_1_axis_subset_converter_0_0_synth_1/runme.log
bd_d10d_xbar_0_synth_1: E:/XilinxPrj/AXU2CG/course_32b/26_an5641_mipi_dp/vivado/mipi_dp.runs/bd_d10d_xbar_0_synth_1/runme.log
design_1_mipi_csi2_rx_subsyst_0_0_synth_1: E:/XilinxPrj/AXU2CG/course_32b/26_an5641_mipi_dp/vivado/mipi_dp.runs/design_1_mipi_csi2_rx_subsyst_0_0_synth_1/runme.log
bd_d10d_r_sync_0_synth_1: E:/XilinxPrj/AXU2CG/course_32b/26_an5641_mipi_dp/vivado/mipi_dp.runs/bd_d10d_r_sync_0_synth_1/runme.log
bd_d10d_phy_0_synth_1: E:/XilinxPrj/AXU2CG/course_32b/26_an5641_mipi_dp/vivado/mipi_dp.runs/bd_d10d_phy_0_synth_1/runme.log
design_1_zynq_ultra_ps_e_0_0_synth_1: E:/XilinxPrj/AXU2CG/course_32b/26_an5641_mipi_dp/vivado/mipi_dp.runs/design_1_zynq_ultra_ps_e_0_0_synth_1/runme.log
design_1_axi_vdma_0_0_synth_1: E:/XilinxPrj/AXU2CG/course_32b/26_an5641_mipi_dp/vivado/mipi_dp.runs/design_1_axi_vdma_0_0_synth_1/runme.log
bd_d10d_vfb_0_0_synth_1: E:/XilinxPrj/AXU2CG/course_32b/26_an5641_mipi_dp/vivado/mipi_dp.runs/bd_d10d_vfb_0_0_synth_1/runme.log
design_1_v_demosaic_0_0_synth_1: E:/XilinxPrj/AXU2CG/course_32b/26_an5641_mipi_dp/vivado/mipi_dp.runs/design_1_v_demosaic_0_0_synth_1/runme.log
design_1_auto_pc_0_synth_1: E:/XilinxPrj/AXU2CG/course_32b/26_an5641_mipi_dp/vivado/mipi_dp.runs/design_1_auto_pc_0_synth_1/runme.log
design_1_v_gamma_lut_0_0_synth_1: E:/XilinxPrj/AXU2CG/course_32b/26_an5641_mipi_dp/vivado/mipi_dp.runs/design_1_v_gamma_lut_0_0_synth_1/runme.log
design_1_xbar_0_synth_1: E:/XilinxPrj/AXU2CG/course_32b/26_an5641_mipi_dp/vivado/mipi_dp.runs/design_1_xbar_0_synth_1/runme.log
design_1_proc_sys_reset_150M_0_synth_1: E:/XilinxPrj/AXU2CG/course_32b/26_an5641_mipi_dp/vivado/mipi_dp.runs/design_1_proc_sys_reset_150M_0_synth_1/runme.log
synth_1: E:/XilinxPrj/AXU2CG/course_32b/26_an5641_mipi_dp/vivado/mipi_dp.runs/synth_1/runme.log
[Wed Nov  4 16:34:02 2020] Launched impl_1...
Run output will be captured here: E:/XilinxPrj/AXU2CG/course_32b/26_an5641_mipi_dp/vivado/mipi_dp.runs/impl_1/runme.log
launch_runs: Time (s): cpu = 00:00:12 ; elapsed = 00:00:19 . Memory (MB): peak = 1071.945 ; gain = 0.000
set_property pfm_name {} [get_files -all {E:/XilinxPrj/AXU2CG/course_32b/26_an5641_mipi_dp/vivado/mipi_dp.srcs/sources_1/bd/design_1/design_1.bd}]
write_hw_platform -fixed -include_bit -force -file E:/XilinxPrj/AXU2CG/course_32b/26_an5641_mipi_dp/vivado/design_1_wrapper.xsa
INFO: [Vivado 12-4895] Creating Hardware Platform: E:/XilinxPrj/AXU2CG/course_32b/26_an5641_mipi_dp/vivado/design_1_wrapper.xsa ...
INFO: [Hsi 55-2053] elapsed time for repository (E:/XilinxVitis/Vivado/2020.1/data\embeddedsw) loading 0 seconds
INFO: [Vivado 12-4896] Successfully created Hardware Platform: E:/XilinxPrj/AXU2CG/course_32b/26_an5641_mipi_dp/vivado/design_1_wrapper.xsa
write_hw_platform: Time (s): cpu = 00:00:31 ; elapsed = 00:00:31 . Memory (MB): peak = 1263.266 ; gain = 190.707
exit
INFO: [Common 17-206] Exiting Vivado at Wed Nov  4 17:10:40 2020...
