13:31:07 INFO  : Registering command handlers for Vitis TCF services
13:31:07 INFO  : Result from executing command 'getProjects': 
13:31:09 INFO  : Platform repository initialization has completed.
13:31:09 INFO  : Result from executing command 'getPlatforms': 
13:31:10 INFO  : plnx-install-location is set to ''
13:31:10 INFO  : Result from executing command 'getProjects': design_1_wrapper
13:31:10 INFO  : Result from executing command 'getPlatforms': 
13:31:10 INFO  : Result from executing command 'reportPlatform': {design_1_wrapper={standalone_domain={Os=standalone, DomainName=standalone_domain, CpuType=cortex-a53, CpuInstance=psu_cortexa53_0}}}
13:31:10 INFO  : Result from executing command 'reportPlatform': {design_1_wrapper={standalone_domain={Os=standalone, DomainName=standalone_domain, CpuType=cortex-a53, CpuInstance=psu_cortexa53_0}}}
13:31:10 INFO  : Result from executing command 'reportPlatform': {design_1_wrapper={standalone_domain={Os=standalone, DomainName=standalone_domain, CpuType=cortex-a53, CpuInstance=psu_cortexa53_0}}}
13:31:19 INFO  : Successfully done query RDI_DATADIR 
13:34:19 INFO  : Result from executing command 'getProjects': design_1_wrapper
13:34:19 INFO  : Result from executing command 'getPlatforms': design_1_wrapper|C:/AXU2CG-B/course_s6/vivado/12_edge_canny/edge_canny.vitis/design_1_wrapper/export/design_1_wrapper/design_1_wrapper.xpfm
13:35:22 INFO  : Checking for BSP changes to sync application flags for project 'app'...
13:35:23 INFO  : Updating application flags with new BSP settings...
13:35:23 INFO  : Successfully updated application flags for project app.
13:35:34 ERROR : xsct server communication channel has closed unexpectedly.
java.net.SocketException: Connection reset
	at java.base/java.net.SocketInputStream.read(Unknown Source)
	at java.base/java.net.SocketInputStream.read(Unknown Source)
	at java.base/java.io.BufferedInputStream.read1(Unknown Source)
	at java.base/java.io.BufferedInputStream.read(Unknown Source)
	at java.base/java.io.FilterInputStream.read(Unknown Source)
	at org.eclipse.tcf.core.ChannelTCP.get(ChannelTCP.java:186)
	at org.eclipse.tcf.core.StreamChannel.read(StreamChannel.java:85)
	at org.eclipse.tcf.core.AbstractChannel$1.run(AbstractChannel.java:329)
