TRACE::2021-07-12.12:48:07::SCWBifWriter::Found the complete platform C:/AXU2CG-B/course_s6/vivado/03_resizeTry/resizeTry.vitis/design_1_wrapper/export/design_1_wrapper/design_1_wrapper.xpfm
TRACE::2021-07-12.12:48:07::SCWBifWriter::hardware databse : design_1_wrapper_0
TRACE::2021-07-12.12:48:07::SCWBifWriter::bitstream found in the design
TRACE::2021-07-12.12:48:07::SCWBifWriter::Found a baremetal domain, proc: psu_cortexa53_0
TRACE::2021-07-12.12:48:07::SCWBifWriter::proc type : 
TRACE::2021-07-12.12:48:07::SCWBifWriter::proc[0] : psu_cortexa53_0
TRACE::2021-07-12.12:48:07::SCWBifWriter::Device type is : zynqMP
TRACE::2021-07-12.12:48:07::SCWBifWriter::Writing BIF to file : C:/AXU2CG-B/course_s6/vivado/03_resizeTry/resizeTry.vitis/app_system/Debug/system.bif
TRACE::2021-07-12.12:48:07::SCWBifWriter::Writing the ZynqMP baremetal bif 
TRACE::2021-07-12.12:48:07::SCWBifWriter::System Command Ran  F:/xilinx_2020.1/Vitis/2020.1/gnu/aarch64/nt/aarch64-none/bin/aarch64-none-elf-readelf -A  C:/AXU2CG-B/course_s6/vivado/03_resizeTry/resizeTry.vitis/design_1_wrapper/export/design_1_wrapper/sw/design_1_wrapper/boot/fsbl.elf
TRACE::2021-07-12.12:48:07::SCWBifWriter:: Command Ran  F:/xilinx_2020.1/Vitis/2020.1/gnu/aarch64/nt/aarch64-none/bin/aarch64-none-elf-readelf -A  C:/AXU2CG-B/course_s6/vivado/03_resizeTry/resizeTry.vitis/design_1_wrapper/export/design_1_wrapper/sw/design_1_wrapper/boot/fsbl.elf
TRACE::2021-07-12.12:48:07::SCWBifWriter::FSBL processor, command ran F:/xilinx_2020.1/Vitis/2020.1/gnu/aarch64/nt/aarch64-none/bin/aarch64-none-elf-readelf -A  C:/AXU2CG-B/course_s6/vivado/03_resizeTry/resizeTry.vitis/design_1_wrapper/export/design_1_wrapper/sw/design_1_wrapper/boot/fsbl.elf
TRACE::2021-07-12.12:48:07::SCWBifWriter::FSBL target processor is a53-0
TRACE::2021-07-12.12:48:07::SCWBifWriter::Boot processor is :a53-0
TRACE::2021-07-12.12:54:54::SCWBifWriter::Found the complete platform C:/AXU2CG-B/course_s6/vivado/03_resizeTry/resizeTry.vitis/design_1_wrapper/export/design_1_wrapper/design_1_wrapper.xpfm
TRACE::2021-07-12.12:54:54::SCWBifWriter::hardware databse : design_1_wrapper
TRACE::2021-07-12.12:54:54::SCWBifWriter::bitstream found in the design
TRACE::2021-07-12.12:54:54::SCWBifWriter::Found a baremetal domain, proc: psu_cortexa53_0
TRACE::2021-07-12.12:54:54::SCWBifWriter::proc type : 
TRACE::2021-07-12.12:54:54::SCWBifWriter::proc[0] : psu_cortexa53_0
TRACE::2021-07-12.12:54:54::SCWBifWriter::Device type is : zynqMP
TRACE::2021-07-12.12:54:54::SCWBifWriter::Writing BIF to file : C:/AXU2CG-B/course_s6/vivado/03_resizeTry/resizeTry.vitis/app_system/Debug/system.bif
TRACE::2021-07-12.12:54:54::SCWBifWriter::Writing the ZynqMP baremetal bif 
TRACE::2021-07-12.12:54:54::SCWBifWriter::System Command Ran  F:/xilinx_2020.1/Vitis/2020.1/gnu/aarch64/nt/aarch64-none/bin/aarch64-none-elf-readelf -A  C:/AXU2CG-B/course_s6/vivado/03_resizeTry/resizeTry.vitis/design_1_wrapper/export/design_1_wrapper/sw/design_1_wrapper/boot/fsbl.elf
TRACE::2021-07-12.12:54:54::SCWBifWriter:: Removed readelf log file successfully
TRACE::2021-07-12.12:54:54::SCWBifWriter:: Command Ran  F:/xilinx_2020.1/Vitis/2020.1/gnu/aarch64/nt/aarch64-none/bin/aarch64-none-elf-readelf -A  C:/AXU2CG-B/course_s6/vivado/03_resizeTry/resizeTry.vitis/design_1_wrapper/export/design_1_wrapper/sw/design_1_wrapper/boot/fsbl.elf
TRACE::2021-07-12.12:54:54::SCWBifWriter::FSBL processor, command ran F:/xilinx_2020.1/Vitis/2020.1/gnu/aarch64/nt/aarch64-none/bin/aarch64-none-elf-readelf -A  C:/AXU2CG-B/course_s6/vivado/03_resizeTry/resizeTry.vitis/design_1_wrapper/export/design_1_wrapper/sw/design_1_wrapper/boot/fsbl.elf
TRACE::2021-07-12.12:54:54::SCWBifWriter::FSBL target processor is a53-0
TRACE::2021-07-12.12:54:54::SCWBifWriter::Boot processor is :a53-0
TRACE::2021-07-12.14:19:42::SCWBifWriter::Found the complete platform C:/AXU2CG-B/course_s6/vivado/03_resizeTry/resizeTry.vitis/design_1_wrapper/export/design_1_wrapper/design_1_wrapper.xpfm
TRACE::2021-07-12.14:19:42::SCWBifWriter::hardware databse : design_1_wrapper_1
TRACE::2021-07-12.14:19:42::SCWBifWriter::bitstream found in the design
TRACE::2021-07-12.14:19:42::SCWBifWriter::Found a baremetal domain, proc: psu_cortexa53_0
TRACE::2021-07-12.14:19:42::SCWBifWriter::proc type : 
TRACE::2021-07-12.14:19:42::SCWBifWriter::proc[0] : psu_cortexa53_0
TRACE::2021-07-12.14:19:42::SCWBifWriter::Device type is : zynqMP
TRACE::2021-07-12.14:19:42::SCWBifWriter::Writing BIF to file : C:/AXU2CG-B/course_s6/vivado/03_resizeTry/resizeTry.vitis/app_system/Debug/system.bif
TRACE::2021-07-12.14:19:42::SCWBifWriter::Writing the ZynqMP baremetal bif 
TRACE::2021-07-12.14:19:42::SCWBifWriter::System Command Ran  F:/xilinx_2020.1/Vitis/2020.1/gnu/aarch64/nt/aarch64-none/bin/aarch64-none-elf-readelf -A  C:/AXU2CG-B/course_s6/vivado/03_resizeTry/resizeTry.vitis/design_1_wrapper/export/design_1_wrapper/sw/design_1_wrapper/boot/fsbl.elf
TRACE::2021-07-12.14:19:42::SCWBifWriter:: Removed readelf log file successfully
TRACE::2021-07-12.14:19:42::SCWBifWriter:: Command Ran  F:/xilinx_2020.1/Vitis/2020.1/gnu/aarch64/nt/aarch64-none/bin/aarch64-none-elf-readelf -A  C:/AXU2CG-B/course_s6/vivado/03_resizeTry/resizeTry.vitis/design_1_wrapper/export/design_1_wrapper/sw/design_1_wrapper/boot/fsbl.elf
TRACE::2021-07-12.14:19:42::SCWBifWriter::FSBL processor, command ran F:/xilinx_2020.1/Vitis/2020.1/gnu/aarch64/nt/aarch64-none/bin/aarch64-none-elf-readelf -A  C:/AXU2CG-B/course_s6/vivado/03_resizeTry/resizeTry.vitis/design_1_wrapper/export/design_1_wrapper/sw/design_1_wrapper/boot/fsbl.elf
TRACE::2021-07-12.14:19:42::SCWBifWriter::FSBL target processor is a53-0
TRACE::2021-07-12.14:19:42::SCWBifWriter::Boot processor is :a53-0
